<?xml version="1.0" encoding="UTF-8"?>
<!-- Generated by org.testng.reporters.JUnitXMLReporter -->
<testsuite hostname="costco" ignored="0" name="TestNG - Chrome Test" tests="2" failures="1" timestamp="18 Jun 2017 02:12:36 GMT" time="4.258" errors="0">
  <testcase name="Test" time="4.183" classname="apitestrest.basics"/>
  <testcase name="Test2" time="0.014" classname="apitestrest.basics">
    <failure type="java.lang.AssertionError" message="expected [201] but found [200]">
      <![CDATA[java.lang.AssertionError: expected [201] but found [200]
	at apitestrest.basics.Test2(basics.java:36)
... Removed 31 stack frames]]>
    </failure>
  </testcase> <!-- Test2 -->
</testsuite> <!-- TestNG - Chrome Test -->
